<?xml version="1.0" encoding="UTF-8"?>
<!-- Generated by org.testng.reporters.JUnitReportReporter -->
<testsuite hostname="DESKTOP-JOR56C1" failures="0" tests="12" name="cucumberOptions.TestNgtestrunner" time="0.431" errors="0" timestamp="2021-11-03T13:04:01 IST" skipped="0">
  <testcase classname="cucumberOptions.TestNgtestrunner" name="runScenario" time="0.033"/>
  <system-out/>
  <testcase classname="cucumberOptions.TestNgtestrunner" name="runScenario" time="0.016"/>
  <system-out/>
  <testcase classname="cucumberOptions.TestNgtestrunner" name="runScenario" time="0.016"/>
  <system-out/>
  <testcase classname="cucumberOptions.TestNgtestrunner" name="runScenario" time="0.020"/>
  <system-out/>
  <testcase classname="cucumberOptions.TestNgtestrunner" name="runScenario" time="0.013"/>
  <system-out/>
  <testcase classname="cucumberOptions.TestNgtestrunner" name="runScenario" time="0.022"/>
  <system-out/>
  <testcase classname="cucumberOptions.TestNgtestrunner" name="runScenario" time="0.018"/>
  <system-out/>
  <testcase classname="cucumberOptions.TestNgtestrunner" name="runScenario" time="0.010"/>
  <system-out/>
  <testcase classname="cucumberOptions.TestNgtestrunner" name="runScenario" time="0.247"/>
  <system-out/>
  <testcase classname="cucumberOptions.TestNgtestrunner" name="runScenario" time="0.012"/>
  <system-out/>
  <testcase classname="cucumberOptions.TestNgtestrunner" name="runScenario" time="0.015"/>
  <system-out/>
  <testcase classname="cucumberOptions.TestNgtestrunner" name="runScenario" time="0.009"/>
  <system-out/>
</testsuite> <!-- cucumberOptions.TestNgtestrunner -->
