<?xml version="1.0" encoding="UTF-8"?>
<!-- Generated by org.testng.reporters.JUnitReportReporter -->
<testsuite hostname="DESKTOP-JOR56C1" failures="0" tests="1" name="Automation.Cucumber.AppTest" time="0.012" errors="0" timestamp="2021-11-03T13:04:04 IST" skipped="0">
  <testcase classname="Automation.Cucumber.AppTest" name="shouldAnswerWithTrue" time="0.012"/>
  <system-out/>
</testsuite> <!-- Automation.Cucumber.AppTest -->
