<?xml version="1.0" encoding="UTF-8"?>
<!-- Generated by org.testng.reporters.JUnitReportReporter -->
<testsuite hostname="DESKTOP-JOR56C1" failures="0" tests="1" name="cucumberOptions.TestNgtestrunner" time="0.176" errors="0" timestamp="2021-10-19T14:36:46 IST" skipped="0">
  <testcase classname="cucumberOptions.TestNgtestrunner" name="runScenario" time="0.176"/>
  <system-out/>
</testsuite> <!-- cucumberOptions.TestNgtestrunner -->
